This file contains any messages produced by compilers while
running configure, to aid debugging if configure makes a mistake.

It was created by configure, which was
generated by GNU Autoconf 2.59.  Invocation command line was

  $ ./configure 

## --------- ##
## Platform. ##
## --------- ##

hostname = Yanis.local
uname -m = i386
uname -r = 9.6.0
uname -s = Darwin
uname -v = Darwin Kernel Version 9.6.0: Mon Nov 24 17:37:00 PST 2008; root:xnu-1228.9.59~1/RELEASE_I386

/usr/bin/uname -p = i386
/bin/uname -X     = unknown

/bin/arch              = unknown
/usr/bin/arch -k       = unknown
/usr/convex/getsysinfo = unknown
hostinfo               = Mach kernel version:
	 Darwin Kernel Version 9.6.0: Mon Nov 24 17:37:00 PST 2008; root:xnu-1228.9.59~1/RELEASE_I386
Kernel configured for up to 2 processors.
2 processors are physically available.
2 processors are logically available.
Processor type: i486 (Intel 80486)
Processors active: 0 1
Primary memory available: 2.00 gigabytes
Default processor set: 70 tasks, 263 threads, 2 processors
Load average: 0.61, Mach factor: 1.38
/bin/machine           = unknown
/usr/bin/oslevel       = unknown
/bin/universe          = unknown

PATH: /usr/bin
PATH: /bin
PATH: /usr/sbin
PATH: /sbin
PATH: /usr/local/bin
PATH: /usr/X11/bin


## ----------- ##
## Core tests. ##
## ----------- ##

configure:1364: checking build system type
configure:1382: result: i386-apple-darwin9.6.0
configure:1390: checking host system type
configure:1404: result: i386-apple-darwin9.6.0
configure:1412: checking target system type
configure:1426: result: i386-apple-darwin9.6.0
configure:1458: checking for a BSD-compatible install
configure:1513: result: /usr/bin/install -c
configure:1524: checking whether build environment is sane
configure:1567: result: yes
configure:1591: WARNING: `missing' script is too old or missing
configure:1632: checking for gawk
configure:1661: result: no
configure:1632: checking for mawk
configure:1661: result: no
configure:1632: checking for nawk
configure:1661: result: no
configure:1632: checking for awk
configure:1648: found /usr/bin/awk
configure:1658: result: awk
configure:1668: checking whether make sets $(MAKE)
configure:1688: result: yes
configure:1858: checking whether to enable maintainer-specific portions of Makefiles
configure:1867: result: no
configure:1932: checking for gcc
configure:1948: found /usr/bin/gcc
configure:1958: result: gcc
configure:2202: checking for C compiler version
configure:2205: gcc --version </dev/null >&5
i686-apple-darwin9-gcc-4.0.1 (GCC) 4.0.1 (Apple Inc. build 5484)
Copyright (C) 2005 Free Software Foundation, Inc.
This is free software; see the source for copying conditions.  There is NO
warranty; not even for MERCHANTABILITY or FITNESS FOR A PARTICULAR PURPOSE.

configure:2208: $? = 0
configure:2210: gcc -v </dev/null >&5
Using built-in specs.
Target: i686-apple-darwin9
Configured with: /var/tmp/gcc/gcc-5484~1/src/configure --disable-checking -enable-werror --prefix=/usr --mandir=/share/man --enable-languages=c,objc,c++,obj-c++ --program-transform-name=/^[cg][^.-]*$/s/$/-4.0/ --with-gxx-include-dir=/include/c++/4.0.0 --with-slibdir=/usr/lib --build=i686-apple-darwin9 --with-arch=apple --with-tune=generic --host=i686-apple-darwin9 --target=i686-apple-darwin9
Thread model: posix
gcc version 4.0.1 (Apple Inc. build 5484)
configure:2213: $? = 0
configure:2215: gcc -V </dev/null >&5
gcc-4.0: argument to `-V' is missing
configure:2218: $? = 1
configure:2241: checking for C compiler default output file name
configure:2244: gcc    conftest.c  >&5
configure:2247: $? = 0
configure:2293: result: a.out
configure:2298: checking whether the C compiler works
configure:2304: ./a.out
configure:2307: $? = 0
configure:2324: result: yes
configure:2331: checking whether we are cross compiling
configure:2333: result: no
configure:2336: checking for suffix of executables
configure:2338: gcc -o conftest    conftest.c  >&5
configure:2341: $? = 0
configure:2366: result: 
configure:2372: checking for suffix of object files
configure:2393: gcc -c   conftest.c >&5
configure:2396: $? = 0
configure:2418: result: o
configure:2422: checking whether we are using the GNU C compiler
configure:2446: gcc -c   conftest.c >&5
configure:2452: $? = 0
configure:2456: test -z 
			 || test ! -s conftest.err
configure:2459: $? = 0
configure:2462: test -s conftest.o
configure:2465: $? = 0
configure:2478: result: yes
configure:2484: checking whether gcc accepts -g
configure:2505: gcc -c -g  conftest.c >&5
configure:2511: $? = 0
configure:2515: test -z 
			 || test ! -s conftest.err
configure:2518: $? = 0
configure:2521: test -s conftest.o
configure:2524: $? = 0
configure:2535: result: yes
configure:2552: checking for gcc option to accept ANSI C
configure:2622: gcc  -c -g -O2  conftest.c >&5
configure:2628: $? = 0
configure:2632: test -z 
			 || test ! -s conftest.err
configure:2635: $? = 0
configure:2638: test -s conftest.o
configure:2641: $? = 0
configure:2659: result: none needed
configure:2677: gcc -c -g -O2  conftest.c >&5
conftest.c:2: error: syntax error before 'me'
configure:2683: $? = 1
configure: failed program was:
| #ifndef __cplusplus
|   choke me
| #endif
configure:2827: checking for style of include used by make
configure:2855: result: GNU
configure:2883: checking dependency style of gcc
configure:2973: result: gcc3
configure:3000: checking how to run the C preprocessor
configure:3035: gcc -E  conftest.c
configure:3041: $? = 0
configure:3073: gcc -E  conftest.c
conftest.c:14:28: error: ac_nonexistent.h: No such file or directory
configure:3079: $? = 1
configure: failed program was:
| /* confdefs.h.  */
| 
| #define PACKAGE_NAME ""
| #define PACKAGE_TARNAME ""
| #define PACKAGE_VERSION ""
| #define PACKAGE_STRING ""
| #define PACKAGE_BUGREPORT ""
| #define PROJECT "scrub"
| #define VERSION "2.1"
| #define RELEASE "1"
| #define PACKAGE "scrub"
| #define VERSION "2.1"
| /* end confdefs.h.  */
| #include <ac_nonexistent.h>
configure:3118: result: gcc -E
configure:3142: gcc -E  conftest.c
configure:3148: $? = 0
configure:3180: gcc -E  conftest.c
conftest.c:14:28: error: ac_nonexistent.h: No such file or directory
configure:3186: $? = 1
configure: failed program was:
| /* confdefs.h.  */
| 
| #define PACKAGE_NAME ""
| #define PACKAGE_TARNAME ""
| #define PACKAGE_VERSION ""
| #define PACKAGE_STRING ""
| #define PACKAGE_BUGREPORT ""
| #define PROJECT "scrub"
| #define VERSION "2.1"
| #define RELEASE "1"
| #define PACKAGE "scrub"
| #define VERSION "2.1"
| /* end confdefs.h.  */
| #include <ac_nonexistent.h>
configure:3230: checking for egrep
configure:3240: result: grep -E
configure:3245: checking for ANSI C header files
configure:3270: gcc -c -g -O2  conftest.c >&5
configure:3276: $? = 0
configure:3280: test -z 
			 || test ! -s conftest.err
configure:3283: $? = 0
configure:3286: test -s conftest.o
configure:3289: $? = 0
configure:3378: gcc -o conftest -g -O2   conftest.c  >&5
conftest.c: In function 'main':
conftest.c:31: warning: incompatible implicit declaration of built-in function 'exit'
configure:3381: $? = 0
configure:3383: ./conftest
configure:3386: $? = 0
configure:3401: result: yes
configure:3425: checking for sys/types.h
configure:3441: gcc -c -g -O2  conftest.c >&5
configure:3447: $? = 0
configure:3451: test -z 
			 || test ! -s conftest.err
configure:3454: $? = 0
configure:3457: test -s conftest.o
configure:3460: $? = 0
configure:3471: result: yes
configure:3425: checking for sys/stat.h
configure:3441: gcc -c -g -O2  conftest.c >&5
configure:3447: $? = 0
configure:3451: test -z 
			 || test ! -s conftest.err
configure:3454: $? = 0
configure:3457: test -s conftest.o
configure:3460: $? = 0
configure:3471: result: yes
configure:3425: checking for stdlib.h
configure:3441: gcc -c -g -O2  conftest.c >&5
configure:3447: $? = 0
configure:3451: test -z 
			 || test ! -s conftest.err
configure:3454: $? = 0
configure:3457: test -s conftest.o
configure:3460: $? = 0
configure:3471: result: yes
configure:3425: checking for string.h
configure:3441: gcc -c -g -O2  conftest.c >&5
configure:3447: $? = 0
configure:3451: test -z 
			 || test ! -s conftest.err
configure:3454: $? = 0
configure:3457: test -s conftest.o
configure:3460: $? = 0
configure:3471: result: yes
configure:3425: checking for memory.h
configure:3441: gcc -c -g -O2  conftest.c >&5
configure:3447: $? = 0
configure:3451: test -z 
			 || test ! -s conftest.err
configure:3454: $? = 0
configure:3457: test -s conftest.o
configure:3460: $? = 0
configure:3471: result: yes
configure:3425: checking for strings.h
configure:3441: gcc -c -g -O2  conftest.c >&5
configure:3447: $? = 0
configure:3451: test -z 
			 || test ! -s conftest.err
configure:3454: $? = 0
configure:3457: test -s conftest.o
configure:3460: $? = 0
configure:3471: result: yes
configure:3425: checking for inttypes.h
configure:3441: gcc -c -g -O2  conftest.c >&5
configure:3447: $? = 0
configure:3451: test -z 
			 || test ! -s conftest.err
configure:3454: $? = 0
configure:3457: test -s conftest.o
configure:3460: $? = 0
configure:3471: result: yes
configure:3425: checking for stdint.h
configure:3441: gcc -c -g -O2  conftest.c >&5
configure:3447: $? = 0
configure:3451: test -z 
			 || test ! -s conftest.err
configure:3454: $? = 0
configure:3457: test -s conftest.o
configure:3460: $? = 0
configure:3471: result: yes
configure:3425: checking for unistd.h
configure:3441: gcc -c -g -O2  conftest.c >&5
configure:3447: $? = 0
configure:3451: test -z 
			 || test ! -s conftest.err
configure:3454: $? = 0
configure:3457: test -s conftest.o
configure:3460: $? = 0
configure:3471: result: yes
configure:3499: checking getopt.h usability
configure:3511: gcc -c -g -O2  conftest.c >&5
configure:3517: $? = 0
configure:3521: test -z 
			 || test ! -s conftest.err
configure:3524: $? = 0
configure:3527: test -s conftest.o
configure:3530: $? = 0
configure:3540: result: yes
configure:3544: checking getopt.h presence
configure:3554: gcc -E  conftest.c
configure:3560: $? = 0
configure:3580: result: yes
configure:3615: checking for getopt.h
configure:3622: result: yes
configure:3639: checking whether byte ordering is bigendian
configure:3666: gcc -c -g -O2  conftest.c >&5
configure:3672: $? = 0
configure:3676: test -z 
			 || test ! -s conftest.err
configure:3679: $? = 0
configure:3682: test -s conftest.o
configure:3685: $? = 0
configure:3709: gcc -c -g -O2  conftest.c >&5
conftest.c: In function 'main':
conftest.c:32: error: 'not' undeclared (first use in this function)
conftest.c:32: error: (Each undeclared identifier is reported only once
conftest.c:32: error: for each function it appears in.)
conftest.c:32: error: syntax error before 'big'
configure:3715: $? = 1
configure: failed program was:
| /* confdefs.h.  */
| 
| #define PACKAGE_NAME ""
| #define PACKAGE_TARNAME ""
| #define PACKAGE_VERSION ""
| #define PACKAGE_STRING ""
| #define PACKAGE_BUGREPORT ""
| #define PROJECT "scrub"
| #define VERSION "2.1"
| #define RELEASE "1"
| #define PACKAGE "scrub"
| #define VERSION "2.1"
| #define STDC_HEADERS 1
| #define HAVE_SYS_TYPES_H 1
| #define HAVE_SYS_STAT_H 1
| #define HAVE_STDLIB_H 1
| #define HAVE_STRING_H 1
| #define HAVE_MEMORY_H 1
| #define HAVE_STRINGS_H 1
| #define HAVE_INTTYPES_H 1
| #define HAVE_STDINT_H 1
| #define HAVE_UNISTD_H 1
| #define HAVE_GETOPT_H 1
| /* end confdefs.h.  */
| #include <sys/types.h>
| #include <sys/param.h>
| 
| int
| main ()
| {
| #if BYTE_ORDER != BIG_ENDIAN
|  not big endian
| #endif
| 
|   ;
|   return 0;
| }
configure:3850: result: no
configure:3869: checking for an ANSI C-conforming const
configure:3936: gcc -c -g -O2  conftest.c >&5
configure:3942: $? = 0
configure:3946: test -z 
			 || test ! -s conftest.err
configure:3949: $? = 0
configure:3952: test -s conftest.o
configure:3955: $? = 0
configure:3966: result: yes
configure:3986: checking for getopt_long
configure:4043: gcc -o conftest -g -O2   conftest.c  >&5
configure:4049: $? = 0
configure:4053: test -z 
			 || test ! -s conftest.err
configure:4056: $? = 0
configure:4059: test -s conftest
configure:4062: $? = 0
configure:4074: result: yes
configure:4095: checking for special C compiler options needed for large files
configure:4194: result: no
configure:4200: checking for _FILE_OFFSET_BITS value needed for large files
configure:4231: gcc -c -g -O2  conftest.c >&5
configure:4237: $? = 0
configure:4241: test -z 
			 || test ! -s conftest.err
configure:4244: $? = 0
configure:4247: test -s conftest.o
configure:4250: $? = 0
configure:4315: result: no
configure:4325: checking for _LARGE_FILES value needed for large files
configure:4356: gcc -c -g -O2  conftest.c >&5
configure:4362: $? = 0
configure:4366: test -z 
			 || test ! -s conftest.err
configure:4369: $? = 0
configure:4372: test -s conftest.o
configure:4375: $? = 0
configure:4440: result: no
configure:4574: creating ./config.status

## ---------------------- ##
## Running config.status. ##
## ---------------------- ##

This file was extended by config.status, which was
generated by GNU Autoconf 2.59.  Invocation command line was

  CONFIG_FILES    = 
  CONFIG_HEADERS  = 
  CONFIG_LINKS    = 
  CONFIG_COMMANDS = 
  $ ./config.status 

on Yanis.local

config.status:708: creating Makefile
config.status:708: creating src/Makefile
config.status:708: creating test/Makefile
config.status:812: creating config/config.h
config.status:1108: executing depfiles commands

## ---------------- ##
## Cache variables. ##
## ---------------- ##

ac_cv_build=i386-apple-darwin9.6.0
ac_cv_build_alias=i386-apple-darwin9.6.0
ac_cv_c_bigendian=no
ac_cv_c_compiler_gnu=yes
ac_cv_c_const=yes
ac_cv_env_CC_set=
ac_cv_env_CC_value=
ac_cv_env_CFLAGS_set=
ac_cv_env_CFLAGS_value=
ac_cv_env_CPPFLAGS_set=
ac_cv_env_CPPFLAGS_value=
ac_cv_env_CPP_set=
ac_cv_env_CPP_value=
ac_cv_env_LDFLAGS_set=
ac_cv_env_LDFLAGS_value=
ac_cv_env_build_alias_set=
ac_cv_env_build_alias_value=
ac_cv_env_host_alias_set=
ac_cv_env_host_alias_value=
ac_cv_env_target_alias_set=
ac_cv_env_target_alias_value=
ac_cv_exeext=
ac_cv_func_getopt_long=yes
ac_cv_header_getopt_h=yes
ac_cv_header_inttypes_h=yes
ac_cv_header_memory_h=yes
ac_cv_header_stdc=yes
ac_cv_header_stdint_h=yes
ac_cv_header_stdlib_h=yes
ac_cv_header_string_h=yes
ac_cv_header_strings_h=yes
ac_cv_header_sys_stat_h=yes
ac_cv_header_sys_types_h=yes
ac_cv_header_unistd_h=yes
ac_cv_host=i386-apple-darwin9.6.0
ac_cv_host_alias=i386-apple-darwin9.6.0
ac_cv_objext=o
ac_cv_path_install='/usr/bin/install -c'
ac_cv_prog_AWK=awk
ac_cv_prog_CPP='gcc -E'
ac_cv_prog_ac_ct_CC=gcc
ac_cv_prog_cc_g=yes
ac_cv_prog_cc_stdc=
ac_cv_prog_egrep='grep -E'
ac_cv_prog_make_make_set=yes
ac_cv_sys_file_offset_bits=no
ac_cv_sys_large_files=no
ac_cv_sys_largefile_CC=no
ac_cv_target=i386-apple-darwin9.6.0
ac_cv_target_alias=i386-apple-darwin9.6.0
am_cv_CC_dependencies_compiler_type=gcc3

## ----------------- ##
## Output variables. ##
## ----------------- ##

ACLOCAL='aclocal-1.9'
AMDEPBACKSLASH='\'
AMDEP_FALSE='#'
AMDEP_TRUE=''
AMTAR='tar'
AUTOCONF='autoconf'
AUTOHEADER='autoheader'
AUTOMAKE='automake-1.9'
AWK='awk'
CC='gcc'
CCDEPMODE='depmode=gcc3'
CFLAGS='-g -O2'
CPP='gcc -E'
CPPFLAGS=''
CYGPATH_W='echo'
DEFS='-DHAVE_CONFIG_H'
DEPDIR='.deps'
ECHO_C='ECHO_N=''
ECHO_T=''
EGREP='grep -E'
EXEEXT=''
INSTALL_DATA='${INSTALL} -m 644'
INSTALL_PROGRAM='${INSTALL}'
INSTALL_SCRIPT='${INSTALL}'
INSTALL_STRIP_PROGRAM='${SHELL} $(install_sh) -c -s'
LDFLAGS=''
LIBOBJS=''
LIBS=''
LTLIBOBJS=''
MAINT='#'
MAINTAINER_MODE_FALSE=''
MAINTAINER_MODE_TRUE='#'
MAKEINFO='makeinfo'
OBJEXT='o'
PACKAGE='scrub'
PACKAGE_BUGREPORT=''
PACKAGE_NAME=''
PACKAGE_STRING=''
PACKAGE_TARNAME=''
PACKAGE_VERSION=''
PATH_SEPARATOR=':'
PROJECT='scrub'
RELEASE='1'
SET_MAKE=''
SHELL='/bin/sh'
STRIP=''
VERSION='2.1'
ac_ct_CC='gcc'
ac_ct_STRIP=''
am__fastdepCC_FALSE='#'
am__fastdepCC_TRUE=''
am__include='include'
am__leading_dot='.'
am__quote=''
am__tar='${AMTAR} chof - "$$tardir"'
am__untar='${AMTAR} xf -'
bindir='${exec_prefix}/bin'
build='i386-apple-darwin9.6.0'
build_alias=''
build_cpu='i386'
build_os='darwin9.6.0'
build_vendor='apple'
datadir='${prefix}/share'
exec_prefix='${prefix}'
host='i386-apple-darwin9.6.0'
host_alias=''
host_cpu='i386'
host_os='darwin9.6.0'
host_vendor='apple'
includedir='${prefix}/include'
infodir='${prefix}/info'
install_sh='/Users/admin/Programs/Permanent Eraser/scrub-2.1/config/install-sh'
libdir='${exec_prefix}/lib'
libexecdir='${exec_prefix}/libexec'
localstatedir='${prefix}/var'
mandir='${prefix}/man'
mkdir_p='$(install_sh) -d'
oldincludedir='/usr/include'
prefix='/usr/local'
program_transform_name='s,x,x,'
sbindir='${exec_prefix}/sbin'
sharedstatedir='${prefix}/com'
sysconfdir='${prefix}/etc'
target='i386-apple-darwin9.6.0'
target_alias=''
target_cpu='i386'
target_os='darwin9.6.0'
target_vendor='apple'

## ----------- ##
## confdefs.h. ##
## ----------- ##

#define HAVE_GETOPT_H 1
#define HAVE_GETOPT_LONG 1
#define HAVE_INTTYPES_H 1
#define HAVE_MEMORY_H 1
#define HAVE_STDINT_H 1
#define HAVE_STDLIB_H 1
#define HAVE_STRINGS_H 1
#define HAVE_STRING_H 1
#define HAVE_SYS_STAT_H 1
#define HAVE_SYS_TYPES_H 1
#define HAVE_UNISTD_H 1
#define PACKAGE "scrub"
#define PACKAGE_BUGREPORT ""
#define PACKAGE_NAME ""
#define PACKAGE_STRING ""
#define PACKAGE_TARNAME ""
#define PACKAGE_VERSION ""
#define PROJECT "scrub"
#define RELEASE "1"
#define STDC_HEADERS 1
#define VERSION "2.1"
#define VERSION "2.1"

configure: exit 0
